2019-09-17 09:05:46,458 INFO Main [main] epsilon 0.005
2019-09-17 09:05:46,463 INFO Main [main] threshold 0.003999999999999999
2019-09-17 09:05:46,464 INFO Main [main] full path to file: /Users/anisnasir/eclipse-workspace/frequent-patterns/output_logs/output_patent-graph-stream_reduced_labels.txt_1000000_0.01_0.1_11244966_4_incremental-exhaustive-four-node.log
2019-09-17 09:05:46,495 INFO PatternCount [main] FourNodeGraphPattern [labels=[LabeledStreamEdge [labelA=1970, label2=1990], LabeledStreamEdge [labelA=1970, label2=1990], LabeledStreamEdge [labelA=1990, label2=1990]], type=LINE, numEdges=3, maxDegree=2] 0.012767065065416654 
2019-09-17 09:05:46,495 INFO PatternCount [main] FourNodeGraphPattern [labels=[LabeledStreamEdge [labelA=1970, label2=1980], LabeledStreamEdge [labelA=1970, label2=1980], LabeledStreamEdge [labelA=1970, label2=1980]], type=LINE, numEdges=3, maxDegree=2] 0.004191937038046234 
2019-09-17 09:05:46,496 INFO PatternCount [main] FourNodeGraphPattern [labels=[LabeledStreamEdge [labelA=1980, label2=1990], LabeledStreamEdge [labelA=1980, label2=1990], LabeledStreamEdge [labelA=1990, label2=1990], LabeledStreamEdge [labelA=1990, label2=1990]], type=TAILED_TRIANGLE, numEdges=4, maxDegree=3] 0.004256189817730274 
2019-09-17 09:05:46,496 INFO PatternCount [main] FourNodeGraphPattern [labels=[LabeledStreamEdge [labelA=1980, label2=1980], LabeledStreamEdge [labelA=1980, label2=1980], LabeledStreamEdge [labelA=1980, label2=1980]], type=LINE, numEdges=3, maxDegree=2] 0.004456524379448912 
2019-09-17 09:05:46,496 INFO PatternCount [main] FourNodeGraphPattern [labels=[LabeledStreamEdge [labelA=1970, label2=1980], LabeledStreamEdge [labelA=1970, label2=1980], LabeledStreamEdge [labelA=1970, label2=1990]], type=STAR, numEdges=3, maxDegree=3] 0.0049004233225634995 
2019-09-17 09:05:46,496 INFO PatternCount [main] FourNodeGraphPattern [labels=[LabeledStreamEdge [labelA=1970, label2=1980], LabeledStreamEdge [labelA=1970, label2=1980], LabeledStreamEdge [labelA=1980, label2=1980]], type=LINE, numEdges=3, maxDegree=2] 0.005818543196717247 
2019-09-17 09:05:46,497 INFO PatternCount [main] FourNodeGraphPattern [labels=[LabeledStreamEdge [labelA=1970, label2=1980], LabeledStreamEdge [labelA=1970, label2=1990], LabeledStreamEdge [labelA=1970, label2=1990]], type=STAR, numEdges=3, maxDegree=3] 0.006552573725761521 
2019-09-17 09:05:46,497 INFO PatternCount [main] FourNodeGraphPattern [labels=[LabeledStreamEdge [labelA=1990, label2=1990], LabeledStreamEdge [labelA=1990, label2=1990], LabeledStreamEdge [labelA=1990, label2=1990]], type=STAR, numEdges=3, maxDegree=3] 0.0558588170286318 
2019-09-17 09:05:46,497 INFO PatternCount [main] FourNodeGraphPattern [labels=[LabeledStreamEdge [labelA=1980, label2=1980], LabeledStreamEdge [labelA=1980, label2=1980], LabeledStreamEdge [labelA=1980, label2=1990]], type=STAR, numEdges=3, maxDegree=3] 0.007952277123376173 
2019-09-17 09:05:46,497 INFO PatternCount [main] FourNodeGraphPattern [labels=[LabeledStreamEdge [labelA=1970, label2=1980], LabeledStreamEdge [labelA=1980, label2=1990], LabeledStreamEdge [labelA=1980, label2=1990]], type=STAR, numEdges=3, maxDegree=3] 0.00731526233753453 
2019-09-17 09:05:46,497 INFO PatternCount [main] FourNodeGraphPattern [labels=[LabeledStreamEdge [labelA=1960, label2=1990], LabeledStreamEdge [labelA=1980, label2=1990], LabeledStreamEdge [labelA=1980, label2=1990]], type=STAR, numEdges=3, maxDegree=3] 0.0044835776280098775 
2019-09-17 09:05:46,498 INFO PatternCount [main] FourNodeGraphPattern [labels=[LabeledStreamEdge [labelA=1980, label2=1990], LabeledStreamEdge [labelA=1980, label2=1990], LabeledStreamEdge [labelA=1990, label2=1990]], type=STAR, numEdges=3, maxDegree=3] 0.03771401669625084 
2019-09-17 09:05:46,498 INFO PatternCount [main] FourNodeGraphPattern [labels=[LabeledStreamEdge [labelA=1990, label2=1990], LabeledStreamEdge [labelA=1990, label2=1990], LabeledStreamEdge [labelA=1990, label2=1990]], type=LINE, numEdges=3, maxDegree=2] 0.06601758170075638 
2019-09-17 09:05:46,498 INFO PatternCount [main] FourNodeGraphPattern [labels=[LabeledStreamEdge [labelA=1980, label2=1980], LabeledStreamEdge [labelA=1980, label2=1980], LabeledStreamEdge [labelA=1980, label2=1990]], type=LINE, numEdges=3, maxDegree=2] 0.011447190819343242 
2019-09-17 09:05:46,498 INFO PatternCount [main] FourNodeGraphPattern [labels=[LabeledStreamEdge [labelA=1970, label2=1990], LabeledStreamEdge [labelA=1970, label2=1990], LabeledStreamEdge [labelA=1990, label2=1990]], type=STAR, numEdges=3, maxDegree=3] 0.007491737589549937 
2019-09-17 09:05:46,498 INFO PatternCount [main] FourNodeGraphPattern [labels=[LabeledStreamEdge [labelA=1980, label2=1990], LabeledStreamEdge [labelA=1980, label2=1990], LabeledStreamEdge [labelA=1990, label2=1990], LabeledStreamEdge [labelA=1990, label2=1990]], type=CIRCLE, numEdges=4, maxDegree=2] 0.004473045374837453 
2019-09-17 09:05:46,498 INFO PatternCount [main] FourNodeGraphPattern [labels=[LabeledStreamEdge [labelA=1970, label2=1980], LabeledStreamEdge [labelA=1980, label2=1990], LabeledStreamEdge [labelA=1980, label2=1990]], type=LINE, numEdges=3, maxDegree=2] 0.007933885260477823 
2019-09-17 09:05:46,498 INFO PatternCount [main] FourNodeGraphPattern [labels=[LabeledStreamEdge [labelA=1970, label2=1990], LabeledStreamEdge [labelA=1980, label2=1980], LabeledStreamEdge [labelA=1980, label2=1990]], type=LINE, numEdges=3, maxDegree=2] 0.005307130171862454 
2019-09-17 09:05:46,499 INFO PatternCount [main] FourNodeGraphPattern [labels=[LabeledStreamEdge [labelA=1970, label2=1990], LabeledStreamEdge [labelA=1990, label2=1990], LabeledStreamEdge [labelA=1990, label2=1990]], type=STAR, numEdges=3, maxDegree=3] 0.016566355612111196 
2019-09-17 09:05:46,499 INFO PatternCount [main] FourNodeGraphPattern [labels=[LabeledStreamEdge [labelA=1980, label2=1990], LabeledStreamEdge [labelA=1980, label2=1990], LabeledStreamEdge [labelA=1990, label2=1990]], type=LINE, numEdges=3, maxDegree=2] 0.06536749161551512 
2019-09-17 09:05:46,499 INFO PatternCount [main] FourNodeGraphPattern [labels=[LabeledStreamEdge [labelA=1970, label2=1980], LabeledStreamEdge [labelA=1970, label2=1980], LabeledStreamEdge [labelA=1980, label2=1990]], type=LINE, numEdges=3, maxDegree=2] 0.006397979801615124 
2019-09-17 09:05:46,499 INFO PatternCount [main] FourNodeGraphPattern [labels=[LabeledStreamEdge [labelA=1970, label2=1990], LabeledStreamEdge [labelA=1980, label2=1990], LabeledStreamEdge [labelA=1980, label2=1990]], type=LINE, numEdges=3, maxDegree=2] 0.01490837906162526 
2019-09-17 09:05:46,500 INFO PatternCount [main] FourNodeGraphPattern [labels=[LabeledStreamEdge [labelA=1960, label2=1990], LabeledStreamEdge [labelA=1980, label2=1990], LabeledStreamEdge [labelA=1990, label2=1990]], type=STAR, numEdges=3, maxDegree=3] 0.006463205500793298 
2019-09-17 09:05:46,500 INFO PatternCount [main] FourNodeGraphPattern [labels=[LabeledStreamEdge [labelA=1970, label2=1980], LabeledStreamEdge [labelA=1970, label2=1990], LabeledStreamEdge [labelA=1980, label2=1990]], type=LINE, numEdges=3, maxDegree=2] 0.015700290051143328 
2019-09-17 09:05:46,500 INFO PatternCount [main] FourNodeGraphPattern [labels=[LabeledStreamEdge [labelA=1970, label2=1990], LabeledStreamEdge [labelA=1990, label2=1990], LabeledStreamEdge [labelA=1990, label2=1990]], type=LINE, numEdges=3, maxDegree=2] 0.013834937689490252 
2019-09-17 09:05:46,501 INFO PatternCount [main] FourNodeGraphPattern [labels=[LabeledStreamEdge [labelA=1970, label2=1980], LabeledStreamEdge [labelA=1980, label2=1990], LabeledStreamEdge [labelA=1990, label2=1990]], type=LINE, numEdges=3, maxDegree=2] 0.008377874135172046 
2019-09-17 09:05:46,501 INFO PatternCount [main] FourNodeGraphPattern [labels=[LabeledStreamEdge [labelA=1980, label2=1990], LabeledStreamEdge [labelA=1980, label2=1990], LabeledStreamEdge [labelA=1980, label2=1990], LabeledStreamEdge [labelA=1990, label2=1990]], type=TAILED_TRIANGLE, numEdges=4, maxDegree=3] 0.006556581494123179 
2019-09-17 09:05:46,501 INFO PatternCount [main] FourNodeGraphPattern [labels=[LabeledStreamEdge [labelA=1970, label2=1990], LabeledStreamEdge [labelA=1970, label2=1990], LabeledStreamEdge [labelA=1970, label2=1990]], type=STAR, numEdges=3, maxDegree=3] 0.009503295276445936 
2019-09-17 09:05:46,502 INFO PatternCount [main] FourNodeGraphPattern [labels=[LabeledStreamEdge [labelA=1980, label2=1980], LabeledStreamEdge [labelA=1980, label2=1990], LabeledStreamEdge [labelA=1980, label2=1990]], type=STAR, numEdges=3, maxDegree=3] 0.019288900314036888 
2019-09-17 09:05:46,502 INFO PatternCount [main] FourNodeGraphPattern [labels=[LabeledStreamEdge [labelA=1970, label2=1990], LabeledStreamEdge [labelA=1980, label2=1990], LabeledStreamEdge [labelA=1980, label2=1990]], type=STAR, numEdges=3, maxDegree=3] 0.02105188737127971 
2019-09-17 09:05:46,502 INFO PatternCount [main] FourNodeGraphPattern [labels=[LabeledStreamEdge [labelA=1980, label2=1990], LabeledStreamEdge [labelA=1980, label2=1990], LabeledStreamEdge [labelA=1980, label2=1990]], type=STAR, numEdges=3, maxDegree=3] 0.08516125089133886 
2019-09-17 09:05:46,502 INFO PatternCount [main] FourNodeGraphPattern [labels=[LabeledStreamEdge [labelA=1970, label2=1990], LabeledStreamEdge [labelA=1970, label2=1990], LabeledStreamEdge [labelA=1970, label2=1990]], type=LINE, numEdges=3, maxDegree=2] 0.005762695258332245 
2019-09-17 09:05:46,502 INFO PatternCount [main] FourNodeGraphPattern [labels=[LabeledStreamEdge [labelA=1960, label2=1990], LabeledStreamEdge [labelA=1970, label2=1990], LabeledStreamEdge [labelA=1980, label2=1990]], type=STAR, numEdges=3, maxDegree=3] 0.005115384417944159 
2019-09-17 09:05:46,502 INFO PatternCount [main] FourNodeGraphPattern [labels=[LabeledStreamEdge [labelA=1980, label2=1980], LabeledStreamEdge [labelA=1980, label2=1990], LabeledStreamEdge [labelA=1980, label2=1990]], type=LINE, numEdges=3, maxDegree=2] 0.024444532875264723 
2019-09-17 09:05:46,502 INFO PatternCount [main] FourNodeGraphPattern [labels=[LabeledStreamEdge [labelA=1970, label2=1990], LabeledStreamEdge [labelA=1970, label2=1990], LabeledStreamEdge [labelA=1980, label2=1990]], type=STAR, numEdges=3, maxDegree=3] 0.011241560638267502 
2019-09-17 09:05:46,503 INFO PatternCount [main] FourNodeGraphPattern [labels=[LabeledStreamEdge [labelA=1980, label2=1990], LabeledStreamEdge [labelA=1990, label2=1990], LabeledStreamEdge [labelA=1990, label2=1990]], type=STAR, numEdges=3, maxDegree=3] 0.04887628255779108 
2019-09-17 09:05:46,503 INFO PatternCount [main] FourNodeGraphPattern [labels=[LabeledStreamEdge [labelA=1970, label2=1980], LabeledStreamEdge [labelA=1980, label2=1980], LabeledStreamEdge [labelA=1980, label2=1990]], type=STAR, numEdges=3, maxDegree=3] 0.00559284459557604 
2019-09-17 09:05:46,503 INFO PatternCount [main] FourNodeGraphPattern [labels=[LabeledStreamEdge [labelA=1980, label2=1990], LabeledStreamEdge [labelA=1980, label2=1990], LabeledStreamEdge [labelA=1980, label2=1990]], type=LINE, numEdges=3, maxDegree=2] 0.04421804532113069 
2019-09-17 09:05:46,503 INFO PatternCount [main] FourNodeGraphPattern [labels=[LabeledStreamEdge [labelA=1970, label2=1990], LabeledStreamEdge [labelA=1980, label2=1990], LabeledStreamEdge [labelA=1990, label2=1990]], type=STAR, numEdges=3, maxDegree=3] 0.028703292154486536 
2019-09-17 09:05:46,503 INFO PatternCount [main] FourNodeGraphPattern [labels=[LabeledStreamEdge [labelA=1970, label2=1990], LabeledStreamEdge [labelA=1970, label2=1990], LabeledStreamEdge [labelA=1980, label2=1990]], type=LINE, numEdges=3, maxDegree=2] 0.01005531095623911 
2019-09-17 09:05:46,503 INFO PatternCount [main] FourNodeGraphPattern [labels=[LabeledStreamEdge [labelA=1980, label2=1990], LabeledStreamEdge [labelA=1990, label2=1990], LabeledStreamEdge [labelA=1990, label2=1990]], type=LINE, numEdges=3, maxDegree=2] 0.0435873203602271 
2019-09-17 09:05:46,503 INFO PatternCount [main] FourNodeGraphPattern [labels=[LabeledStreamEdge [labelA=1990, label2=1990], LabeledStreamEdge [labelA=1990, label2=1990], LabeledStreamEdge [labelA=1990, label2=1990], LabeledStreamEdge [labelA=1990, label2=1990]], type=TAILED_TRIANGLE, numEdges=4, maxDegree=3] 0.0050519244381361066 
2019-09-17 09:05:46,503 INFO PatternCount [main] FourNodeGraphPattern [labels=[LabeledStreamEdge [labelA=1990, label2=1990], LabeledStreamEdge [labelA=1990, label2=1990], LabeledStreamEdge [labelA=1990, label2=1990], LabeledStreamEdge [labelA=1990, label2=1990]], type=CIRCLE, numEdges=4, maxDegree=2] 0.004190553356916978 
2019-09-17 09:05:46,504 INFO PatternCount [main] FourNodeGraphPattern [labels=[LabeledStreamEdge [labelA=1970, label2=1980], LabeledStreamEdge [labelA=1980, label2=1980], LabeledStreamEdge [labelA=1980, label2=1990]], type=LINE, numEdges=3, maxDegree=2] 0.00501714964021149 
2019-09-17 09:05:46,504 INFO PatternCount [main] FourNodeGraphPattern [labels=[LabeledStreamEdge [labelA=1980, label2=1980], LabeledStreamEdge [labelA=1980, label2=1990], LabeledStreamEdge [labelA=1990, label2=1990]], type=LINE, numEdges=3, maxDegree=2] 0.01713704611443066 
2019-09-17 09:05:46,504 INFO PatternCount [main] FourNodeGraphPattern [labels=[LabeledStreamEdge [labelA=1970, label2=1990], LabeledStreamEdge [labelA=1980, label2=1990], LabeledStreamEdge [labelA=1990, label2=1990]], type=LINE, numEdges=3, maxDegree=2] 0.005754084737013624 
2019-09-17 09:05:46,504 INFO PatternCount [main] FourNodeGraphPattern [labels=[LabeledStreamEdge [labelA=1970, label2=1980], LabeledStreamEdge [labelA=1970, label2=1990], LabeledStreamEdge [labelA=1990, label2=1990]], type=LINE, numEdges=3, maxDegree=2] 0.006481233363058485 
2019-09-17 09:05:46,514 INFO PatternCount [main] FourNodeGraphPattern [labels=[LabeledStreamEdge [labelA=1970, label2=1990], LabeledStreamEdge [labelA=1980, label2=1980], LabeledStreamEdge [labelA=1980, label2=1990]], type=LINE, numEdges=3, maxDegree=2] 0.005370430908977619 
2019-09-17 09:05:46,515 INFO PatternCount [main] FourNodeGraphPattern [labels=[LabeledStreamEdge [labelA=1980, label2=1990], LabeledStreamEdge [labelA=1980, label2=1990], LabeledStreamEdge [labelA=1990, label2=1990]], type=LINE, numEdges=3, maxDegree=2] 0.06603352454581606 
2019-09-17 09:05:46,515 INFO PatternCount [main] FourNodeGraphPattern [labels=[LabeledStreamEdge [labelA=1990, label2=1990], LabeledStreamEdge [labelA=1990, label2=1990], LabeledStreamEdge [labelA=1990, label2=1990]], type=STAR, numEdges=3, maxDegree=3] 0.05618273961035606 
2019-09-17 09:05:46,515 INFO PatternCount [main] FourNodeGraphPattern [labels=[LabeledStreamEdge [labelA=1990, label2=1990], LabeledStreamEdge [labelA=1990, label2=1990], LabeledStreamEdge [labelA=1990, label2=1990], LabeledStreamEdge [labelA=1990, label2=1990]], type=TAILED_TRIANGLE, numEdges=4, maxDegree=3] 0.0051276826605256174 
2019-09-17 09:05:46,515 INFO PatternCount [main] FourNodeGraphPattern [labels=[LabeledStreamEdge [labelA=1990, label2=1990], LabeledStreamEdge [labelA=1990, label2=1990], LabeledStreamEdge [labelA=1990, label2=1990]], type=LINE, numEdges=3, maxDegree=2] 0.06616838473133733 
2019-09-17 09:05:46,515 INFO PatternCount [main] FourNodeGraphPattern [labels=[LabeledStreamEdge [labelA=1970, label2=1990], LabeledStreamEdge [labelA=1970, label2=1990], LabeledStreamEdge [labelA=1970, label2=1990]], type=LINE, numEdges=3, maxDegree=2] 0.005490306629440974 
2019-09-17 09:05:46,516 INFO PatternCount [main] FourNodeGraphPattern [labels=[LabeledStreamEdge [labelA=1970, label2=1980], LabeledStreamEdge [labelA=1970, label2=1980], LabeledStreamEdge [labelA=1970, label2=1980]], type=LINE, numEdges=3, maxDegree=2] 0.00422561812049775 
2019-09-17 09:05:46,516 INFO PatternCount [main] FourNodeGraphPattern [labels=[LabeledStreamEdge [labelA=1970, label2=1980], LabeledStreamEdge [labelA=1980, label2=1980], LabeledStreamEdge [labelA=1980, label2=1990]], type=STAR, numEdges=3, maxDegree=3] 0.005709079733800303 
2019-09-17 09:05:46,516 INFO PatternCount [main] FourNodeGraphPattern [labels=[LabeledStreamEdge [labelA=1970, label2=1980], LabeledStreamEdge [labelA=1980, label2=1980], LabeledStreamEdge [labelA=1980, label2=1990]], type=LINE, numEdges=3, maxDegree=2] 0.004962853544888504 
2019-09-17 09:05:46,516 INFO PatternCount [main] FourNodeGraphPattern [labels=[LabeledStreamEdge [labelA=1980, label2=1980], LabeledStreamEdge [labelA=1980, label2=1990], LabeledStreamEdge [labelA=1990, label2=1990]], type=LINE, numEdges=3, maxDegree=2] 0.01732503422565174 
2019-09-17 09:05:46,516 INFO PatternCount [main] FourNodeGraphPattern [labels=[LabeledStreamEdge [labelA=1980, label2=1990], LabeledStreamEdge [labelA=1980, label2=1990], LabeledStreamEdge [labelA=1990, label2=1990], LabeledStreamEdge [labelA=1990, label2=1990]], type=TAILED_TRIANGLE, numEdges=4, maxDegree=3] 0.004117729972080731 
2019-09-17 09:05:46,516 INFO PatternCount [main] FourNodeGraphPattern [labels=[LabeledStreamEdge [labelA=1970, label2=1980], LabeledStreamEdge [labelA=1970, label2=1990], LabeledStreamEdge [labelA=1970, label2=1990]], type=STAR, numEdges=3, maxDegree=3] 0.00673401688730311 
2019-09-17 09:05:46,517 INFO PatternCount [main] FourNodeGraphPattern [labels=[LabeledStreamEdge [labelA=1970, label2=1990], LabeledStreamEdge [labelA=1970, label2=1990], LabeledStreamEdge [labelA=1970, label2=1990]], type=STAR, numEdges=3, maxDegree=3] 0.009706934070903972 
2019-09-17 09:05:46,517 INFO PatternCount [main] FourNodeGraphPattern [labels=[LabeledStreamEdge [labelA=1980, label2=1980], LabeledStreamEdge [labelA=1980, label2=1980], LabeledStreamEdge [labelA=1980, label2=1980]], type=LINE, numEdges=3, maxDegree=2] 0.004522310443158261 
2019-09-17 09:05:46,517 INFO PatternCount [main] FourNodeGraphPattern [labels=[LabeledStreamEdge [labelA=1970, label2=1990], LabeledStreamEdge [labelA=1990, label2=1990], LabeledStreamEdge [labelA=1990, label2=1990]], type=STAR, numEdges=3, maxDegree=3] 0.01610829600489386 
2019-09-17 09:05:46,517 INFO PatternCount [main] FourNodeGraphPattern [labels=[LabeledStreamEdge [labelA=1970, label2=1990], LabeledStreamEdge [labelA=1990, label2=1990], LabeledStreamEdge [labelA=1990, label2=1990]], type=LINE, numEdges=3, maxDegree=2] 0.013911573940320636 
2019-09-17 09:05:46,517 INFO PatternCount [main] FourNodeGraphPattern [labels=[LabeledStreamEdge [labelA=1980, label2=1980], LabeledStreamEdge [labelA=1980, label2=1990], LabeledStreamEdge [labelA=1980, label2=1990]], type=STAR, numEdges=3, maxDegree=3] 0.019404877548259487 
2019-09-17 09:05:46,518 INFO PatternCount [main] FourNodeGraphPattern [labels=[LabeledStreamEdge [labelA=1980, label2=1980], LabeledStreamEdge [labelA=1980, label2=1990], LabeledStreamEdge [labelA=1980, label2=1990]], type=LINE, numEdges=3, maxDegree=2] 0.02424186167214776 
2019-09-17 09:05:46,518 INFO PatternCount [main] FourNodeGraphPattern [labels=[LabeledStreamEdge [labelA=1960, label2=1990], LabeledStreamEdge [labelA=1980, label2=1990], LabeledStreamEdge [labelA=1980, label2=1990]], type=STAR, numEdges=3, maxDegree=3] 0.004561270052308851 
2019-09-17 09:05:46,518 INFO PatternCount [main] FourNodeGraphPattern [labels=[LabeledStreamEdge [labelA=1970, label2=1990], LabeledStreamEdge [labelA=1980, label2=1990], LabeledStreamEdge [labelA=1980, label2=1990]], type=LINE, numEdges=3, maxDegree=2] 0.015068374386333133 
2019-09-17 09:05:46,518 INFO PatternCount [main] FourNodeGraphPattern [labels=[LabeledStreamEdge [labelA=1970, label2=1980], LabeledStreamEdge [labelA=1970, label2=1990], LabeledStreamEdge [labelA=1990, label2=1990]], type=LINE, numEdges=3, maxDegree=2] 0.0064583028157236865 
2019-09-17 09:05:46,518 INFO PatternCount [main] FourNodeGraphPattern [labels=[LabeledStreamEdge [labelA=1980, label2=1980], LabeledStreamEdge [labelA=1980, label2=1980], LabeledStreamEdge [labelA=1980, label2=1990]], type=LINE, numEdges=3, maxDegree=2] 0.01122935537884341 
2019-09-17 09:05:46,518 INFO PatternCount [main] FourNodeGraphPattern [labels=[LabeledStreamEdge [labelA=1970, label2=1990], LabeledStreamEdge [labelA=1980, label2=1990], LabeledStreamEdge [labelA=1980, label2=1990]], type=STAR, numEdges=3, maxDegree=3] 0.02090332362661996 
2019-09-17 09:05:46,519 INFO PatternCount [main] FourNodeGraphPattern [labels=[LabeledStreamEdge [labelA=1960, label2=1990], LabeledStreamEdge [labelA=1980, label2=1990], LabeledStreamEdge [labelA=1990, label2=1990]], type=STAR, numEdges=3, maxDegree=3] 0.006560197178117539 
2019-09-17 09:05:46,519 INFO PatternCount [main] FourNodeGraphPattern [labels=[LabeledStreamEdge [labelA=1970, label2=1980], LabeledStreamEdge [labelA=1970, label2=1980], LabeledStreamEdge [labelA=1980, label2=1990]], type=LINE, numEdges=3, maxDegree=2] 0.006293473785572867 
2019-09-17 09:05:46,519 INFO PatternCount [main] FourNodeGraphPattern [labels=[LabeledStreamEdge [labelA=1980, label2=1990], LabeledStreamEdge [labelA=1980, label2=1990], LabeledStreamEdge [labelA=1980, label2=1990], LabeledStreamEdge [labelA=1990, label2=1990]], type=TAILED_TRIANGLE, numEdges=4, maxDegree=3] 0.006683069791592478 
2019-09-17 09:05:46,519 INFO PatternCount [main] FourNodeGraphPattern [labels=[LabeledStreamEdge [labelA=1980, label2=1980], LabeledStreamEdge [labelA=1980, label2=1980], LabeledStreamEdge [labelA=1980, label2=1990]], type=STAR, numEdges=3, maxDegree=3] 0.008010693053778963 
2019-09-17 09:05:46,519 INFO PatternCount [main] FourNodeGraphPattern [labels=[LabeledStreamEdge [labelA=1970, label2=1990], LabeledStreamEdge [labelA=1980, label2=1990], LabeledStreamEdge [labelA=1990, label2=1990]], type=STAR, numEdges=3, maxDegree=3] 0.028170787469985 
2019-09-17 09:05:46,520 INFO PatternCount [main] FourNodeGraphPattern [labels=[LabeledStreamEdge [labelA=1970, label2=1990], LabeledStreamEdge [labelA=1980, label2=1990], LabeledStreamEdge [labelA=1990, label2=1990]], type=LINE, numEdges=3, maxDegree=2] 0.005813970989205739 
2019-09-17 09:05:46,520 INFO PatternCount [main] FourNodeGraphPattern [labels=[LabeledStreamEdge [labelA=1970, label2=1980], LabeledStreamEdge [labelA=1970, label2=1980], LabeledStreamEdge [labelA=1970, label2=1990]], type=STAR, numEdges=3, maxDegree=3] 0.004899918877131536 
2019-09-17 09:05:46,520 INFO PatternCount [main] FourNodeGraphPattern [labels=[LabeledStreamEdge [labelA=1980, label2=1990], LabeledStreamEdge [labelA=1990, label2=1990], LabeledStreamEdge [labelA=1990, label2=1990]], type=LINE, numEdges=3, maxDegree=2] 0.04391046571994034 
2019-09-17 09:05:46,520 INFO PatternCount [main] FourNodeGraphPattern [labels=[LabeledStreamEdge [labelA=1980, label2=1990], LabeledStreamEdge [labelA=1980, label2=1990], LabeledStreamEdge [labelA=1990, label2=1990], LabeledStreamEdge [labelA=1990, label2=1990]], type=CIRCLE, numEdges=4, maxDegree=2] 0.004267574537173631 
2019-09-17 09:05:46,520 INFO PatternCount [main] FourNodeGraphPattern [labels=[LabeledStreamEdge [labelA=1980, label2=1990], LabeledStreamEdge [labelA=1990, label2=1990], LabeledStreamEdge [labelA=1990, label2=1990]], type=STAR, numEdges=3, maxDegree=3] 0.04875344362985178 
2019-09-17 09:05:46,520 INFO PatternCount [main] FourNodeGraphPattern [labels=[LabeledStreamEdge [labelA=1960, label2=1990], LabeledStreamEdge [labelA=1970, label2=1990], LabeledStreamEdge [labelA=1980, label2=1990]], type=STAR, numEdges=3, maxDegree=3] 0.005076735479328692 
2019-09-17 09:05:46,520 INFO PatternCount [main] FourNodeGraphPattern [labels=[LabeledStreamEdge [labelA=1970, label2=1990], LabeledStreamEdge [labelA=1970, label2=1990], LabeledStreamEdge [labelA=1990, label2=1990]], type=LINE, numEdges=3, maxDegree=2] 0.01314436950032775 
2019-09-17 09:05:46,521 INFO PatternCount [main] FourNodeGraphPattern [labels=[LabeledStreamEdge [labelA=1970, label2=1980], LabeledStreamEdge [labelA=1980, label2=1990], LabeledStreamEdge [labelA=1990, label2=1990]], type=LINE, numEdges=3, maxDegree=2] 0.008373317022694319 
2019-09-17 09:05:46,521 INFO PatternCount [main] FourNodeGraphPattern [labels=[LabeledStreamEdge [labelA=1980, label2=1990], LabeledStreamEdge [labelA=1980, label2=1990], LabeledStreamEdge [labelA=1980, label2=1990]], type=STAR, numEdges=3, maxDegree=3] 0.0842516328034335 
2019-09-17 09:05:46,521 INFO PatternCount [main] FourNodeGraphPattern [labels=[LabeledStreamEdge [labelA=1990, label2=1990], LabeledStreamEdge [labelA=1990, label2=1990], LabeledStreamEdge [labelA=1990, label2=1990], LabeledStreamEdge [labelA=1990, label2=1990]], type=CIRCLE, numEdges=4, maxDegree=2] 0.004129717544127066 
2019-09-17 09:05:46,521 INFO PatternCount [main] FourNodeGraphPattern [labels=[LabeledStreamEdge [labelA=1970, label2=1980], LabeledStreamEdge [labelA=1970, label2=1990], LabeledStreamEdge [labelA=1980, label2=1990]], type=LINE, numEdges=3, maxDegree=2] 0.015901510387094572 
2019-09-17 09:05:46,521 INFO PatternCount [main] FourNodeGraphPattern [labels=[LabeledStreamEdge [labelA=1970, label2=1990], LabeledStreamEdge [labelA=1970, label2=1990], LabeledStreamEdge [labelA=1980, label2=1990]], type=STAR, numEdges=3, maxDegree=3] 0.01128329945305192 
2019-09-17 09:05:46,521 INFO PatternCount [main] FourNodeGraphPattern [labels=[LabeledStreamEdge [labelA=1970, label2=1990], LabeledStreamEdge [labelA=1970, label2=1990], LabeledStreamEdge [labelA=1980, label2=1990]], type=LINE, numEdges=3, maxDegree=2] 0.010126499007039422 
2019-09-17 09:05:46,522 INFO PatternCount [main] FourNodeGraphPattern [labels=[LabeledStreamEdge [labelA=1970, label2=1980], LabeledStreamEdge [labelA=1980, label2=1990], LabeledStreamEdge [labelA=1980, label2=1990]], type=STAR, numEdges=3, maxDegree=3] 0.007318410939075674 
2019-09-17 09:05:46,522 INFO PatternCount [main] FourNodeGraphPattern [labels=[LabeledStreamEdge [labelA=1980, label2=1990], LabeledStreamEdge [labelA=1980, label2=1990], LabeledStreamEdge [labelA=1990, label2=1990]], type=STAR, numEdges=3, maxDegree=3] 0.03759601368328638 
2019-09-17 09:05:46,522 INFO PatternCount [main] FourNodeGraphPattern [labels=[LabeledStreamEdge [labelA=1970, label2=1980], LabeledStreamEdge [labelA=1980, label2=1990], LabeledStreamEdge [labelA=1980, label2=1990]], type=LINE, numEdges=3, maxDegree=2] 0.00788482354729244 
2019-09-17 09:05:46,522 INFO PatternCount [main] FourNodeGraphPattern [labels=[LabeledStreamEdge [labelA=1980, label2=1990], LabeledStreamEdge [labelA=1980, label2=1990], LabeledStreamEdge [labelA=1980, label2=1990]], type=LINE, numEdges=3, maxDegree=2] 0.043580807574152405 
2019-09-17 09:05:46,522 INFO PatternCount [main] FourNodeGraphPattern [labels=[LabeledStreamEdge [labelA=1970, label2=1980], LabeledStreamEdge [labelA=1970, label2=1980], LabeledStreamEdge [labelA=1980, label2=1980]], type=LINE, numEdges=3, maxDegree=2] 0.00599977835592394 
2019-09-17 09:05:46,522 INFO PatternCount [main] FourNodeGraphPattern [labels=[LabeledStreamEdge [labelA=1970, label2=1990], LabeledStreamEdge [labelA=1970, label2=1990], LabeledStreamEdge [labelA=1990, label2=1990]], type=STAR, numEdges=3, maxDegree=3] 0.007516205792353916 
